<?xml version="1.0" encoding="UTF-8"?>
<!-- Generated by org.testng.reporters.JUnitReportReporter -->
<testsuite hostname="Bubble-PC" failures="0" tests="1" name="TestCases" time="0.010" errors="0" timestamp="2022-07-16T18:50:02 BST" skipped="0">
  <testcase classname="TestCases" name="test1" time="0.010"/>
  <system-out/>
</testsuite> <!-- TestCases -->
